<?xml version="1.0" encoding="UTF-8"?>
<testsuite name="edu.odu.cs.cs350.pne.TestDepartment" tests="3" skipped="0" failures="0" errors="0" timestamp="2023-04-04T16:43:06" hostname="ganymede" time="0.006">
  <properties/>
  <testcase name="testSummaryReport()" classname="edu.odu.cs.cs350.pne.TestDepartment" time="0.001"/>
  <testcase name="testSmoothCurving()" classname="edu.odu.cs.cs350.pne.TestDepartment" time="0.003"/>
  <testcase name="testConstructor()" classname="edu.odu.cs.cs350.pne.TestDepartment" time="0.0"/>
  <system-out><![CDATA[]]></system-out>
  <system-err><![CDATA[]]></system-err>
</testsuite>
