<?xml version="1.0" encoding="UTF-8"?>
<testsuite name="edu.odu.cs.cs350.pne.TestEnrollment" tests="8" skipped="0" failures="0" errors="0" timestamp="2023-04-04T16:43:06" hostname="ganymede" time="0.009">
  <properties/>
  <testcase name="testsetENR()" classname="edu.odu.cs.cs350.pne.TestEnrollment" time="0.002"/>
  <testcase name="testsetXLSTGroup()" classname="edu.odu.cs.cs350.pne.TestEnrollment" time="0.001"/>
  <testcase name="testsetCourse()" classname="edu.odu.cs.cs350.pne.TestEnrollment" time="0.001"/>
  <testcase name="testsetLINK()" classname="edu.odu.cs.cs350.pne.TestEnrollment" time="0.001"/>
  <testcase name="testsetXLSTCap()" classname="edu.odu.cs.cs350.pne.TestEnrollment" time="0.001"/>
  <testcase name="testsetXLSTENR()" classname="edu.odu.cs.cs350.pne.TestEnrollment" time="0.001"/>
  <testcase name="testConstructor()" classname="edu.odu.cs.cs350.pne.TestEnrollment" time="0.001"/>
  <testcase name="testsetOVERALLCAP()" classname="edu.odu.cs.cs350.pne.TestEnrollment" time="0.0"/>
  <system-out><![CDATA[]]></system-out>
  <system-err><![CDATA[]]></system-err>
</testsuite>
