<?xml version="1.0" encoding="UTF-8"?>
<testsuite name="edu.odu.cs.cs350.pne.TestOffering" tests="8" skipped="0" failures="0" errors="0" timestamp="2023-04-04T16:43:06" hostname="ganymede" time="0.072">
  <properties/>
  <testcase name="setCourseNumber()" classname="edu.odu.cs.cs350.pne.TestOffering" time="0.002"/>
  <testcase name="testSetCourseSubject()" classname="edu.odu.cs.cs350.pne.TestOffering" time="0.001"/>
  <testcase name="testSetNumSections()" classname="edu.odu.cs.cs350.pne.TestOffering" time="0.0"/>
  <testcase name="testCConstructor()" classname="edu.odu.cs.cs350.pne.TestOffering" time="0.0"/>
  <testcase name="testSetEnrollmentCap()" classname="edu.odu.cs.cs350.pne.TestOffering" time="0.0"/>
  <testcase name="testSetEnrollmentNum()" classname="edu.odu.cs.cs350.pne.TestOffering" time="0.0"/>
  <testcase name="testSetProfessor()" classname="edu.odu.cs.cs350.pne.TestOffering" time="0.001"/>
  <testcase name="testConstructor()" classname="edu.odu.cs.cs350.pne.TestOffering" time="0.001"/>
  <system-out><![CDATA[]]></system-out>
  <system-err><![CDATA[]]></system-err>
</testsuite>
