<?xml version="1.0" encoding="UTF-8"?>
<testsuite name="edu.odu.cs.cs350.pne.TestSnapshot" tests="4" skipped="0" failures="0" errors="0" timestamp="2023-04-04T16:43:06" hostname="ganymede" time="0.003">
  <properties/>
  <testcase name="testCopyConstructor()" classname="edu.odu.cs.cs350.pne.TestSnapshot" time="0.001"/>
  <testcase name="setSemester()" classname="edu.odu.cs.cs350.pne.TestSnapshot" time="0.001"/>
  <testcase name="SetYear()" classname="edu.odu.cs.cs350.pne.TestSnapshot" time="0.0"/>
  <testcase name="testConstructor()" classname="edu.odu.cs.cs350.pne.TestSnapshot" time="0.0"/>
  <system-out><![CDATA[]]></system-out>
  <system-err><![CDATA[]]></system-err>
</testsuite>
